# JRE version: OpenJDK Runtime Environment (8.0_112-b06) (build 1.8.0_112-release-b06)
# Java VM: OpenJDK 64-Bit Server VM (25.112-b06 mixed mode linux-amd64 compressed oops)
Heap:
 PSYoungGen      total 422912K, used 42338K [0x00000000e0000000, 0x0000000100000000, 0x0000000100000000)
  eden space 321536K, 0% used [0x00000000e0000000,0x00000000e0000000,0x00000000f3a00000)
  from space 101376K, 41% used [0x00000000f3a00000,0x00000000f6358930,0x00000000f9d00000)
  to   space 96768K, 0% used [0x00000000fa180000,0x00000000fa180000,0x0000000100000000)
 ParOldGen       total 228864K, used 218603K [0x00000000a0000000, 0x00000000adf80000, 0x00000000e0000000)
  object space 228864K, 95% used [0x00000000a0000000,0x00000000ad57aff0,0x00000000adf80000)
 Metaspace       used 95923K, capacity 98486K, committed 98560K, reserved 1136640K
  class space    used 11450K, capacity 12002K, committed 12032K, reserved 1048576K
GC Heap History (10 events):
Event: 7.230 GC heap after
Heap after GC invocations=10 (full 3):
 PSYoungGen      total 392704K, used 0K [0x00000000e0000000, 0x0000000100000000, 0x0000000100000000)
  eden space 370688K, 0% used [0x00000000e0000000,0x00000000e0000000,0x00000000f6a00000)
  from space 22016K, 0% used [0x00000000f6a00000,0x00000000f6a00000,0x00000000f7f80000)
  to   space 39936K, 0% used [0x00000000fd900000,0x00000000fd900000,0x0000000100000000)
 ParOldGen       total 228864K, used 67029K [0x00000000a0000000, 0x00000000adf80000, 0x00000000e0000000)
  object space 228864K, 29% used [0x00000000a0000000,0x00000000a4175700,0x00000000adf80000)
 Metaspace       used 57083K, capacity 58984K, committed 59136K, reserved 1099776K
  class space    used 7660K, capacity 8101K, committed 8192K, reserved 1048576K
}
Event: 10.657 GC heap before
{Heap before GC invocations=11 (full 3):
 PSYoungGen      total 392704K, used 370688K [0x00000000e0000000, 0x0000000100000000, 0x0000000100000000)
  eden space 370688K, 100% used [0x00000000e0000000,0x00000000f6a00000,0x00000000f6a00000)
  from space 22016K, 0% used [0x00000000f6a00000,0x00000000f6a00000,0x00000000f7f80000)
  to   space 39936K, 0% used [0x00000000fd900000,0x00000000fd900000,0x0000000100000000)
 ParOldGen       total 228864K, used 67029K [0x00000000a0000000, 0x00000000adf80000, 0x00000000e0000000)
  object space 228864K, 29% used [0x00000000a0000000,0x00000000a4175700,0x00000000adf80000)
 Metaspace       used 69586K, capacity 71566K, committed 71808K, reserved 1112064K
  class space    used 8822K, capacity 9262K, committed 9344K, reserved 1048576K
Event: 10.686 GC heap after
Heap after GC invocations=11 (full 3):
 PSYoungGen      total 458752K, used 39923K [0x00000000e0000000, 0x0000000100000000, 0x0000000100000000)
  eden space 418816K, 0% used [0x00000000e0000000,0x00000000e0000000,0x00000000f9900000)
  from space 39936K, 99% used [0x00000000fd900000,0x00000000ffffcf48,0x0000000100000000)
  to   space 52736K, 0% used [0x00000000f9900000,0x00000000f9900000,0x00000000fcc80000)
 ParOldGen       total 228864K, used 80135K [0x00000000a0000000, 0x00000000adf80000, 0x00000000e0000000)
  object space 228864K, 35% used [0x00000000a0000000,0x00000000a4e41fe0,0x00000000adf80000)
 Metaspace       used 69586K, capacity 71566K, committed 71808K, reserved 1112064K
  class space    used 8822K, capacity 9262K, committed 9344K, reserved 1048576K
}
Event: 256.704 GC heap before
{Heap before GC invocations=12 (full 3):
 PSYoungGen      total 458752K, used 458739K [0x00000000e0000000, 0x0000000100000000, 0x0000000100000000)
  eden space 418816K, 100% used [0x00000000e0000000,0x00000000f9900000,0x00000000f9900000)
  from space 39936K, 99% used [0x00000000fd900000,0x00000000ffffcf48,0x0000000100000000)
  to   space 52736K, 0% used [0x00000000f9900000,0x00000000f9900000,0x00000000fcc80000)
 ParOldGen       total 228864K, used 80135K [0x00000000a0000000, 0x00000000adf80000, 0x00000000e0000000)
  object space 228864K, 35% used [0x00000000a0000000,0x00000000a4e41fe0,0x00000000adf80000)
 Metaspace       used 76890K, capacity 79284K, committed 79488K, reserved 1118208K
  class space    used 9574K, capacity 10067K, committed 10112K, reserved 1048576K
Event: 256.746 GC heap after
Heap after GC invocations=12 (full 3):
 PSYoungGen      total 471552K, used 52704K [0x00000000e0000000, 0x0000000100000000, 0x0000000100000000)
  eden space 418816K, 0% used [0x00000000e0000000,0x00000000e0000000,0x00000000f9900000)
  from space 52736K, 99% used [0x00000000f9900000,0x00000000fcc782c8,0x00000000fcc80000)
  to   space 52736K, 0% used [0x00000000fcc80000,0x00000000fcc80000,0x0000000100000000)
 ParOldGen       total 228864K, used 98970K [0x00000000a0000000, 0x00000000adf80000, 0x00000000e0000000)
  object space 228864K, 43% used [0x00000000a0000000,0x00000000a60a6888,0x00000000adf80000)
 Metaspace       used 76890K, capacity 79284K, committed 79488K, reserved 1118208K
  class space    used 9574K, capacity 10067K, committed 10112K, reserved 1048576K
}
Event: 259.506 GC heap before
{Heap before GC invocations=13 (full 3):
 PSYoungGen      total 471552K, used 471520K [0x00000000e0000000, 0x0000000100000000, 0x0000000100000000)
  eden space 418816K, 100% used [0x00000000e0000000,0x00000000f9900000,0x00000000f9900000)
  from space 52736K, 99% used [0x00000000f9900000,0x00000000fcc782c8,0x00000000fcc80000)
  to   space 52736K, 0% used [0x00000000fcc80000,0x00000000fcc80000,0x0000000100000000)
 ParOldGen       total 228864K, used 98970K [0x00000000a0000000, 0x00000000adf80000, 0x00000000e0000000)
  object space 228864K, 43% used [0x00000000a0000000,0x00000000a60a6888,0x00000000adf80000)
 Metaspace       used 88205K, capacity 90636K, committed 90880K, reserved 1128448K
  class space    used 10680K, capacity 11201K, committed 11264K, reserved 1048576K
Event: 259.568 GC heap after
Heap after GC invocations=13 (full 3):
 PSYoungGen      total 374272K, used 52715K [0x00000000e0000000, 0x0000000100000000, 0x0000000100000000)
  eden space 321536K, 0% used [0x00000000e0000000,0x00000000e0000000,0x00000000f3a00000)
  from space 52736K, 99% used [0x00000000fcc80000,0x00000000ffffac00,0x0000000100000000)
  to   space 101376K, 0% used [0x00000000f3a00000,0x00000000f3a00000,0x00000000f9d00000)
 ParOldGen       total 228864K, used 171038K [0x00000000a0000000, 0x00000000adf80000, 0x00000000e0000000)
  object space 228864K, 74% used [0x00000000a0000000,0x00000000aa707998,0x00000000adf80000)
 Metaspace       used 88205K, capacity 90636K, committed 90880K, reserved 1128448K
  class space    used 10680K, capacity 11201K, committed 11264K, reserved 1048576K
}
Event: 384.502 GC heap before
{Heap before GC invocations=14 (full 3):
 PSYoungGen      total 374272K, used 310670K [0x00000000e0000000, 0x0000000100000000, 0x0000000100000000)
  eden space 321536K, 80% used [0x00000000e0000000,0x00000000efbe8cb8,0x00000000f3a00000)
  from space 52736K, 99% used [0x00000000fcc80000,0x00000000ffffac00,0x0000000100000000)
  to   space 101376K, 0% used [0x00000000f3a00000,0x00000000f3a00000,0x00000000f9d00000)
 ParOldGen       total 228864K, used 171038K [0x00000000a0000000, 0x00000000adf80000, 0x00000000e0000000)
  object space 228864K, 74% used [0x00000000a0000000,0x00000000aa707998,0x00000000adf80000)
 Metaspace       used 95923K, capacity 98486K, committed 98560K, reserved 1136640K
  class space    used 11450K, capacity 12002K, committed 12032K, reserved 1048576K
Event: 384.539 GC heap after
Heap after GC invocations=14 (full 3):
 PSYoungGen      total 422912K, used 42338K [0x00000000e0000000, 0x0000000100000000, 0x0000000100000000)
  eden space 321536K, 0% used [0x00000000e0000000,0x00000000e0000000,0x00000000f3a00000)
  from space 101376K, 41% used [0x00000000f3a00000,0x00000000f6358930,0x00000000f9d00000)
  to   space 96768K, 0% used [0x00000000fa180000,0x00000000fa180000,0x0000000100000000)
 ParOldGen       total 228864K, used 218603K [0x00000000a0000000, 0x00000000adf80000, 0x00000000e0000000)
  object space 228864K, 95% used [0x00000000a0000000,0x00000000ad57aff0,0x00000000adf80000)
 Metaspace       used 95923K, capacity 98486K, committed 98560K, reserved 1136640K
  class space    used 11450K, capacity 12002K, committed 12032K, reserved 1048576K
}
Event: 384.539 GC heap before
{Heap before GC invocations=15 (full 4):
 PSYoungGen      total 422912K, used 42338K [0x00000000e0000000, 0x0000000100000000, 0x0000000100000000)
  eden space 321536K, 0% used [0x00000000e0000000,0x00000000e0000000,0x00000000f3a00000)
  from space 101376K, 41% used [0x00000000f3a00000,0x00000000f6358930,0x00000000f9d00000)
  to   space 96768K, 0% used [0x00000000fa180000,0x00000000fa180000,0x0000000100000000)
 ParOldGen       total 228864K, used 218603K [0x00000000a0000000, 0x00000000adf80000, 0x00000000e0000000)
  object space 228864K, 95% used [0x00000000a0000000,0x00000000ad57aff0,0x00000000adf80000)
 Metaspace       used 95923K, capacity 98486K, committed 98560K, reserved 1136640K
  class space    used 11450K, capacity 12002K, committed 12032K, reserved 1048576K

