# JRE version: OpenJDK Runtime Environment (8.0_112-b06) (build 1.8.0_112-release-b06)
# Java VM: OpenJDK 64-Bit Server VM (25.112-b06 mixed mode linux-amd64 compressed oops)
Heap:
 PSYoungGen      total 412160K, used 412143K [0x00000000e0000000, 0x0000000100000000, 0x0000000100000000)
  eden space 300544K, 100% used [0x00000000e0000000,0x00000000f2580000,0x00000000f2580000)
  from space 111616K, 99% used [0x00000000f2580000,0x00000000f927bf38,0x00000000f9280000)
  to   space 112128K, 96% used [0x00000000f9280000,0x00000000ffcaf808,0x0000000100000000)
 ParOldGen       total 318464K, used 103141K [0x00000000a0000000, 0x00000000b3700000, 0x00000000e0000000)
  object space 318464K, 32% used [0x00000000a0000000,0x00000000a64b9570,0x00000000b3700000)
 Metaspace       used 142585K, capacity 149870K, committed 156656K, reserved 1183744K
  class space    used 16274K, capacity 17297K, committed 23296K, reserved 1048576K
GC Heap History (10 events):
Event: 10627.707 GC heap after
Heap after GC invocations=75 (full 6):
 PSYoungGen      total 415744K, used 85603K [0x00000000e0000000, 0x0000000100000000, 0x0000000100000000)
  eden space 318464K, 0% used [0x00000000e0000000,0x00000000e0000000,0x00000000f3700000)
  from space 97280K, 87% used [0x00000000f3700000,0x00000000f8a98c60,0x00000000f9600000)
  to   space 105984K, 0% used [0x00000000f9880000,0x00000000f9880000,0x0000000100000000)
 ParOldGen       total 318464K, used 87597K [0x00000000a0000000, 0x00000000b3700000, 0x00000000e0000000)
  object space 318464K, 27% used [0x00000000a0000000,0x00000000a558b658,0x00000000b3700000)
 Metaspace       used 131235K, capacity 138248K, committed 146416K, reserved 1173504K
  class space    used 15124K, capacity 16118K, committed 23296K, reserved 1048576K
}
Event: 10628.718 GC heap before
{Heap before GC invocations=76 (full 6):
 PSYoungGen      total 415744K, used 404067K [0x00000000e0000000, 0x0000000100000000, 0x0000000100000000)
  eden space 318464K, 100% used [0x00000000e0000000,0x00000000f3700000,0x00000000f3700000)
  from space 97280K, 87% used [0x00000000f3700000,0x00000000f8a98c60,0x00000000f9600000)
  to   space 105984K, 0% used [0x00000000f9880000,0x00000000f9880000,0x0000000100000000)
 ParOldGen       total 318464K, used 87597K [0x00000000a0000000, 0x00000000b3700000, 0x00000000e0000000)
  object space 318464K, 27% used [0x00000000a0000000,0x00000000a558b658,0x00000000b3700000)
 Metaspace       used 131585K, capacity 138678K, committed 146672K, reserved 1173504K
  class space    used 15155K, capacity 16151K, committed 23296K, reserved 1048576K
Event: 10628.742 GC heap after
Heap after GC invocations=76 (full 6):
 PSYoungGen      total 421376K, used 58444K [0x00000000e0000000, 0x0000000100000000, 0x0000000100000000)
  eden space 315392K, 0% used [0x00000000e0000000,0x00000000e0000000,0x00000000f3400000)
  from space 105984K, 55% used [0x00000000f9880000,0x00000000fd193230,0x0000000100000000)
  to   space 102912K, 0% used [0x00000000f3400000,0x00000000f3400000,0x00000000f9880000)
 ParOldGen       total 318464K, used 87605K [0x00000000a0000000, 0x00000000b3700000, 0x00000000e0000000)
  object space 318464K, 27% used [0x00000000a0000000,0x00000000a558d658,0x00000000b3700000)
 Metaspace       used 131585K, capacity 138678K, committed 146672K, reserved 1173504K
  class space    used 15155K, capacity 16151K, committed 23296K, reserved 1048576K
}
Event: 10628.908 GC heap before
{Heap before GC invocations=77 (full 6):
 PSYoungGen      total 421376K, used 373836K [0x00000000e0000000, 0x0000000100000000, 0x0000000100000000)
  eden space 315392K, 100% used [0x00000000e0000000,0x00000000f3400000,0x00000000f3400000)
  from space 105984K, 55% used [0x00000000f9880000,0x00000000fd193230,0x0000000100000000)
  to   space 102912K, 0% used [0x00000000f3400000,0x00000000f3400000,0x00000000f9880000)
 ParOldGen       total 318464K, used 87605K [0x00000000a0000000, 0x00000000b3700000, 0x00000000e0000000)
  object space 318464K, 27% used [0x00000000a0000000,0x00000000a558d658,0x00000000b3700000)
 Metaspace       used 131585K, capacity 138678K, committed 146672K, reserved 1173504K
  class space    used 15155K, capacity 16151K, committed 23296K, reserved 1048576K
Event: 10628.969 GC heap after
Heap after GC invocations=77 (full 6):
 PSYoungGen      total 412160K, used 96556K [0x00000000e0000000, 0x0000000100000000, 0x0000000100000000)
  eden space 315392K, 0% used [0x00000000e0000000,0x00000000e0000000,0x00000000f3400000)
  from space 96768K, 99% used [0x00000000f3400000,0x00000000f924b3f0,0x00000000f9280000)
  to   space 112128K, 0% used [0x00000000f9280000,0x00000000f9280000,0x0000000100000000)
 ParOldGen       total 318464K, used 87605K [0x00000000a0000000, 0x00000000b3700000, 0x00000000e0000000)
  object space 318464K, 27% used [0x00000000a0000000,0x00000000a558d658,0x00000000b3700000)
 Metaspace       used 131585K, capacity 138678K, committed 146672K, reserved 1173504K
  class space    used 15155K, capacity 16151K, committed 23296K, reserved 1048576K
}
Event: 10753.930 GC heap before
{Heap before GC invocations=78 (full 6):
 PSYoungGen      total 412160K, used 411948K [0x00000000e0000000, 0x0000000100000000, 0x0000000100000000)
  eden space 315392K, 100% used [0x00000000e0000000,0x00000000f3400000,0x00000000f3400000)
  from space 96768K, 99% used [0x00000000f3400000,0x00000000f924b3f0,0x00000000f9280000)
  to   space 112128K, 0% used [0x00000000f9280000,0x00000000f9280000,0x0000000100000000)
 ParOldGen       total 318464K, used 87605K [0x00000000a0000000, 0x00000000b3700000, 0x00000000e0000000)
  object space 318464K, 27% used [0x00000000a0000000,0x00000000a558d658,0x00000000b3700000)
 Metaspace       used 131647K, capacity 138830K, committed 146928K, reserved 1173504K
  class space    used 15163K, capacity 16159K, committed 23296K, reserved 1048576K
Event: 10753.958 GC heap after
Heap after GC invocations=78 (full 6):
 PSYoungGen      total 412672K, used 65934K [0x00000000e0000000, 0x0000000100000000, 0x0000000100000000)
  eden space 300544K, 0% used [0x00000000e0000000,0x00000000e0000000,0x00000000f2580000)
  from space 112128K, 58% used [0x00000000f9280000,0x00000000fd2e38e8,0x0000000100000000)
  to   space 111616K, 0% used [0x00000000f2580000,0x00000000f2580000,0x00000000f9280000)
 ParOldGen       total 318464K, used 87613K [0x00000000a0000000, 0x00000000b3700000, 0x00000000e0000000)
  object space 318464K, 27% used [0x00000000a0000000,0x00000000a558f658,0x00000000b3700000)
 Metaspace       used 131647K, capacity 138830K, committed 146928K, reserved 1173504K
  class space    used 15163K, capacity 16159K, committed 23296K, reserved 1048576K
}
Event: 10755.400 GC heap before
{Heap before GC invocations=79 (full 6):
 PSYoungGen      total 412672K, used 366478K [0x00000000e0000000, 0x0000000100000000, 0x0000000100000000)
  eden space 300544K, 100% used [0x00000000e0000000,0x00000000f2580000,0x00000000f2580000)
  from space 112128K, 58% used [0x00000000f9280000,0x00000000fd2e38e8,0x0000000100000000)
  to   space 111616K, 0% used [0x00000000f2580000,0x00000000f2580000,0x00000000f9280000)
 ParOldGen       total 318464K, used 87613K [0x00000000a0000000, 0x00000000b3700000, 0x00000000e0000000)
  object space 318464K, 27% used [0x00000000a0000000,0x00000000a558f658,0x00000000b3700000)
 Metaspace       used 142518K, capacity 149774K, committed 156656K, reserved 1183744K
  class space    used 16265K, capacity 17289K, committed 23296K, reserved 1048576K
Event: 10755.457 GC heap after
Heap after GC invocations=79 (full 6):
 PSYoungGen      total 412160K, used 111599K [0x00000000e0000000, 0x0000000100000000, 0x0000000100000000)
  eden space 300544K, 0% used [0x00000000e0000000,0x00000000e0000000,0x00000000f2580000)
  from space 111616K, 99% used [0x00000000f2580000,0x00000000f927bf38,0x00000000f9280000)
  to   space 112128K, 0% used [0x00000000f9280000,0x00000000f9280000,0x0000000100000000)
 ParOldGen       total 318464K, used 103141K [0x00000000a0000000, 0x00000000b3700000, 0x00000000e0000000)
  object space 318464K, 32% used [0x00000000a0000000,0x00000000a64b9570,0x00000000b3700000)
 Metaspace       used 142518K, capacity 149774K, committed 156656K, reserved 1183744K
  class space    used 16265K, capacity 17289K, committed 23296K, reserved 1048576K
}
Event: 11107.823 GC heap before
{Heap before GC invocations=80 (full 6):
 PSYoungGen      total 412160K, used 412143K [0x00000000e0000000, 0x0000000100000000, 0x0000000100000000)
  eden space 300544K, 100% used [0x00000000e0000000,0x00000000f2580000,0x00000000f2580000)
  from space 111616K, 99% used [0x00000000f2580000,0x00000000f927bf38,0x00000000f9280000)
  to   space 112128K, 0% used [0x00000000f9280000,0x00000000f9280000,0x0000000100000000)
 ParOldGen       total 318464K, used 103141K [0x00000000a0000000, 0x00000000b3700000, 0x00000000e0000000)
  object space 318464K, 32% used [0x00000000a0000000,0x00000000a64b9570,0x00000000b3700000)
 Metaspace       used 142585K, capacity 149870K, committed 156656K, reserved 1183744K
  class space    used 16274K, capacity 17297K, committed 23296K, reserved 1048576K

