# JRE version: OpenJDK Runtime Environment (8.0_112-b06) (build 1.8.0_112-release-b06)
# Java VM: OpenJDK 64-Bit Server VM (25.112-b06 mixed mode linux-amd64 compressed oops)
Heap:
 PSYoungGen      total 375808K, used 375687K [0x00000000e0000000, 0x0000000100000000, 0x0000000100000000)
  eden space 228352K, 100% used [0x00000000e0000000,0x00000000edf00000,0x00000000edf00000)
  from space 147456K, 99% used [0x00000000edf00000,0x00000000f6ee1ce0,0x00000000f6f00000)
  to   space 148480K, 99% used [0x00000000f6f00000,0x00000000fff27700,0x0000000100000000)
 ParOldGen       total 332800K, used 136716K [0x00000000a0000000, 0x00000000b4500000, 0x00000000e0000000)
  object space 332800K, 41% used [0x00000000a0000000,0x00000000a8583120,0x00000000b4500000)
 Metaspace       used 119686K, capacity 126388K, committed 131712K, reserved 1161216K
  class space    used 13696K, capacity 14600K, committed 19840K, reserved 1048576K
GC Heap History (10 events):
Event: 15127.771 GC heap after
Heap after GC invocations=75 (full 6):
 PSYoungGen      total 419328K, used 84940K [0x00000000e0000000, 0x0000000100000000, 0x0000000100000000)
  eden space 326144K, 0% used [0x00000000e0000000,0x00000000e0000000,0x00000000f3e80000)
  from space 93184K, 91% used [0x00000000f3e80000,0x00000000f9173030,0x00000000f9980000)
  to   space 104960K, 0% used [0x00000000f9980000,0x00000000f9980000,0x0000000100000000)
 ParOldGen       total 332800K, used 87666K [0x00000000a0000000, 0x00000000b4500000, 0x00000000e0000000)
  object space 332800K, 26% used [0x00000000a0000000,0x00000000a559ca20,0x00000000b4500000)
 Metaspace       used 97415K, capacity 103732K, committed 123520K, reserved 1153024K
  class space    used 11440K, capacity 12282K, committed 19840K, reserved 1048576K
}
Event: 15228.184 GC heap before
{Heap before GC invocations=76 (full 6):
 PSYoungGen      total 419328K, used 411084K [0x00000000e0000000, 0x0000000100000000, 0x0000000100000000)
  eden space 326144K, 100% used [0x00000000e0000000,0x00000000f3e80000,0x00000000f3e80000)
  from space 93184K, 91% used [0x00000000f3e80000,0x00000000f9173030,0x00000000f9980000)
  to   space 104960K, 0% used [0x00000000f9980000,0x00000000f9980000,0x0000000100000000)
 ParOldGen       total 332800K, used 87666K [0x00000000a0000000, 0x00000000b4500000, 0x00000000e0000000)
  object space 332800K, 26% used [0x00000000a0000000,0x00000000a559ca20,0x00000000b4500000)
 Metaspace       used 97815K, capacity 104192K, committed 123520K, reserved 1153024K
  class space    used 11478K, capacity 12324K, committed 19840K, reserved 1048576K
Event: 15228.208 GC heap after
Heap after GC invocations=76 (full 6):
 PSYoungGen      total 422912K, used 49171K [0x00000000e0000000, 0x0000000100000000, 0x0000000100000000)
  eden space 317952K, 0% used [0x00000000e0000000,0x00000000e0000000,0x00000000f3680000)
  from space 104960K, 46% used [0x00000000f9980000,0x00000000fc984c38,0x0000000100000000)
  to   space 101376K, 0% used [0x00000000f3680000,0x00000000f3680000,0x00000000f9980000)
 ParOldGen       total 332800K, used 87674K [0x00000000a0000000, 0x00000000b4500000, 0x00000000e0000000)
  object space 332800K, 26% used [0x00000000a0000000,0x00000000a559ea20,0x00000000b4500000)
 Metaspace       used 97815K, capacity 104192K, committed 123520K, reserved 1153024K
  class space    used 11478K, capacity 12324K, committed 19840K, reserved 1048576K
}
Event: 15229.784 GC heap before
{Heap before GC invocations=77 (full 6):
 PSYoungGen      total 422912K, used 367123K [0x00000000e0000000, 0x0000000100000000, 0x0000000100000000)
  eden space 317952K, 100% used [0x00000000e0000000,0x00000000f3680000,0x00000000f3680000)
  from space 104960K, 46% used [0x00000000f9980000,0x00000000fc984c38,0x0000000100000000)
  to   space 101376K, 0% used [0x00000000f3680000,0x00000000f3680000,0x00000000f9980000)
 ParOldGen       total 332800K, used 87674K [0x00000000a0000000, 0x00000000b4500000, 0x00000000e0000000)
  object space 332800K, 26% used [0x00000000a0000000,0x00000000a559ea20,0x00000000b4500000)
 Metaspace       used 108682K, capacity 115136K, committed 123520K, reserved 1153024K
  class space    used 12579K, capacity 13454K, committed 19840K, reserved 1048576K
Event: 15229.830 GC heap after
Heap after GC invocations=77 (full 6):
 PSYoungGen      total 419328K, used 101359K [0x00000000e0000000, 0x0000000100000000, 0x0000000100000000)
  eden space 317952K, 0% used [0x00000000e0000000,0x00000000e0000000,0x00000000f3680000)
  from space 101376K, 99% used [0x00000000f3680000,0x00000000f997bc68,0x00000000f9980000)
  to   space 104960K, 0% used [0x00000000f9980000,0x00000000f9980000,0x0000000100000000)
 ParOldGen       total 332800K, used 105438K [0x00000000a0000000, 0x00000000b4500000, 0x00000000e0000000)
  object space 332800K, 31% used [0x00000000a0000000,0x00000000a66f7af8,0x00000000b4500000)
 Metaspace       used 108682K, capacity 115136K, committed 123520K, reserved 1153024K
  class space    used 12579K, capacity 13454K, committed 19840K, reserved 1048576K
}
Event: 15426.649 GC heap before
{Heap before GC invocations=78 (full 6):
 PSYoungGen      total 419328K, used 419311K [0x00000000e0000000, 0x0000000100000000, 0x0000000100000000)
  eden space 317952K, 100% used [0x00000000e0000000,0x00000000f3680000,0x00000000f3680000)
  from space 101376K, 99% used [0x00000000f3680000,0x00000000f997bc68,0x00000000f9980000)
  to   space 104960K, 0% used [0x00000000f9980000,0x00000000f9980000,0x0000000100000000)
 ParOldGen       total 332800K, used 105438K [0x00000000a0000000, 0x00000000b4500000, 0x00000000e0000000)
  object space 332800K, 31% used [0x00000000a0000000,0x00000000a66f7af8,0x00000000b4500000)
 Metaspace       used 110324K, capacity 116816K, committed 123520K, reserved 1153024K
  class space    used 12806K, capacity 13694K, committed 19840K, reserved 1048576K
Event: 15426.715 GC heap after
Heap after GC invocations=78 (full 6):
 PSYoungGen      total 333312K, used 104947K [0x00000000e0000000, 0x0000000100000000, 0x0000000100000000)
  eden space 228352K, 0% used [0x00000000e0000000,0x00000000e0000000,0x00000000edf00000)
  from space 104960K, 99% used [0x00000000f9980000,0x00000000ffffcde0,0x0000000100000000)
  to   space 147968K, 0% used [0x00000000edf00000,0x00000000edf00000,0x00000000f6f80000)
 ParOldGen       total 332800K, used 136708K [0x00000000a0000000, 0x00000000b4500000, 0x00000000e0000000)
  object space 332800K, 41% used [0x00000000a0000000,0x00000000a8581120,0x00000000b4500000)
 Metaspace       used 110324K, capacity 116816K, committed 123520K, reserved 1153024K
  class space    used 12806K, capacity 13694K, committed 19840K, reserved 1048576K
}
Event: 15428.077 GC heap before
{Heap before GC invocations=79 (full 6):
 PSYoungGen      total 333312K, used 333299K [0x00000000e0000000, 0x0000000100000000, 0x0000000100000000)
  eden space 228352K, 100% used [0x00000000e0000000,0x00000000edf00000,0x00000000edf00000)
  from space 104960K, 99% used [0x00000000f9980000,0x00000000ffffcde0,0x0000000100000000)
  to   space 147968K, 0% used [0x00000000edf00000,0x00000000edf00000,0x00000000f6f80000)
 ParOldGen       total 332800K, used 136708K [0x00000000a0000000, 0x00000000b4500000, 0x00000000e0000000)
  object space 332800K, 41% used [0x00000000a0000000,0x00000000a8581120,0x00000000b4500000)
 Metaspace       used 119622K, capacity 126172K, committed 131712K, reserved 1161216K
  class space    used 13688K, capacity 14592K, committed 19840K, reserved 1048576K
Event: 15428.135 GC heap after
Heap after GC invocations=79 (full 6):
 PSYoungGen      total 375808K, used 147335K [0x00000000e0000000, 0x0000000100000000, 0x0000000100000000)
  eden space 228352K, 0% used [0x00000000e0000000,0x00000000e0000000,0x00000000edf00000)
  from space 147456K, 99% used [0x00000000edf00000,0x00000000f6ee1ce0,0x00000000f6f00000)
  to   space 148480K, 0% used [0x00000000f6f00000,0x00000000f6f00000,0x0000000100000000)
 ParOldGen       total 332800K, used 136716K [0x00000000a0000000, 0x00000000b4500000, 0x00000000e0000000)
  object space 332800K, 41% used [0x00000000a0000000,0x00000000a8583120,0x00000000b4500000)
 Metaspace       used 119622K, capacity 126172K, committed 131712K, reserved 1161216K
  class space    used 13688K, capacity 14592K, committed 19840K, reserved 1048576K
}
Event: 15777.963 GC heap before
{Heap before GC invocations=80 (full 6):
 PSYoungGen      total 375808K, used 375687K [0x00000000e0000000, 0x0000000100000000, 0x0000000100000000)
  eden space 228352K, 100% used [0x00000000e0000000,0x00000000edf00000,0x00000000edf00000)
  from space 147456K, 99% used [0x00000000edf00000,0x00000000f6ee1ce0,0x00000000f6f00000)
  to   space 148480K, 0% used [0x00000000f6f00000,0x00000000f6f00000,0x0000000100000000)
 ParOldGen       total 332800K, used 136716K [0x00000000a0000000, 0x00000000b4500000, 0x00000000e0000000)
  object space 332800K, 41% used [0x00000000a0000000,0x00000000a8583120,0x00000000b4500000)
 Metaspace       used 119686K, capacity 126388K, committed 131712K, reserved 1161216K
  class space    used 13696K, capacity 14600K, committed 19840K, reserved 1048576K

